{"timestamp": "2025-12-02T13:25:28.846263Z", "level": "info", "component": "django.utils.autoreload", "file": "/Users/deeptimaheedharan/Library/Python/3.9/lib/python/site-packages/django/utils/autoreload.py", "line": 667, "function": "run_with_reloader", "message": "Watching for file changes with StatReloader", "eventType": "other", "context": {}, "stack": null}
{"timestamp": "2025-12-02T13:25:29.265804Z", "level": "info", "component": "numexpr.utils", "file": "/Users/deeptimaheedharan/Library/Python/3.9/lib/python/site-packages/numexpr/utils.py", "line": 162, "function": "_init_num_threads", "message": "NumExpr defaulting to 8 threads.", "eventType": "other", "context": {}, "stack": null}
{"timestamp": "2025-12-02T13:25:40.894413Z", "level": "info", "component": "django.server", "file": "/Users/deeptimaheedharan/Library/Python/3.9/lib/python/site-packages/django/core/servers/basehttp.py", "line": 212, "function": "log_message", "message": "\"GET / HTTP/1.1\" 200 13109", "eventType": "other", "context": {}, "stack": null}
{"timestamp": "2025-12-02T13:25:44.588864Z", "level": "info", "component": "django.server", "file": "/Users/deeptimaheedharan/Library/Python/3.9/lib/python/site-packages/django/core/servers/basehttp.py", "line": 212, "function": "log_message", "message": "\"GET /simulation/ HTTP/1.1\" 200 15942", "eventType": "other", "context": {}, "stack": null}
{"timestamp": "2025-12-02T13:25:47.258550Z", "level": "info", "component": "django.server", "file": "/Users/deeptimaheedharan/Library/Python/3.9/lib/python/site-packages/django/core/servers/basehttp.py", "line": 212, "function": "log_message", "message": "\"GET /landuse/ HTTP/1.1\" 200 114442", "eventType": "other", "context": {}, "stack": null}
{"timestamp": "2025-12-02T13:46:57.628022Z", "level": "info", "component": "django.server", "file": "/Users/deeptimaheedharan/Library/Python/3.9/lib/python/site-packages/django/core/servers/basehttp.py", "line": 212, "function": "log_message", "message": "\"GET /annual-electricity/ HTTP/1.1\" 200 28952", "eventType": "other", "context": {}, "stack": null}
{"timestamp": "2025-12-02T14:11:20.972924Z", "level": "info", "component": "django.server", "file": "/Users/deeptimaheedharan/Library/Python/3.9/lib/python/site-packages/django/core/servers/basehttp.py", "line": 212, "function": "log_message", "message": "\"GET /annual-electricity/ HTTP/1.1\" 200 28952", "eventType": "other", "context": {}, "stack": null}
{"timestamp": "2025-12-02T14:11:46.168091Z", "level": "info", "component": "django.server", "file": "/Users/deeptimaheedharan/Library/Python/3.9/lib/python/site-packages/django/core/servers/basehttp.py", "line": 212, "function": "log_message", "message": "\"GET /bilanz/ HTTP/1.1\" 200 41174", "eventType": "other", "context": {}, "stack": null}
{"timestamp": "2025-12-02T14:12:00.920909Z", "level": "info", "component": "django.server", "file": "/Users/deeptimaheedharan/Library/Python/3.9/lib/python/site-packages/django/core/servers/basehttp.py", "line": 212, "function": "log_message", "message": "\"GET /annual-electricity/ HTTP/1.1\" 200 28952", "eventType": "other", "context": {}, "stack": null}
{"timestamp": "2025-12-02T14:12:18.642793Z", "level": "info", "component": "django.server", "file": "/Users/deeptimaheedharan/Library/Python/3.9/lib/python/site-packages/django/core/servers/basehttp.py", "line": 212, "function": "log_message", "message": "\"POST /api/ws/balance/ HTTP/1.1\" 200 337", "eventType": "other", "context": {}, "stack": null}
{"timestamp": "2025-12-02T14:12:43.418741Z", "level": "info", "component": "django.server", "file": "/Users/deeptimaheedharan/Library/Python/3.9/lib/python/site-packages/django/core/servers/basehttp.py", "line": 212, "function": "log_message", "message": "\"GET /landuse/ HTTP/1.1\" 200 114442", "eventType": "other", "context": {}, "stack": null}
{"timestamp": "2025-12-02T14:13:02.188564Z", "level": "info", "component": "django.server", "file": "/Users/deeptimaheedharan/Library/Python/3.9/lib/python/site-packages/django/core/servers/basehttp.py", "line": 212, "function": "log_message", "message": "\"POST /api/save-all-inputs/ HTTP/1.1\" 200 80", "eventType": "other", "context": {}, "stack": null}
Performing system checks...

System check identified no issues (0 silenced).
December 02, 2025 - 13:25:29
Django version 4.2.24, using settings 'landuse_project.settings'
Starting development server at http://127.0.0.1:8001/
Quit the server with CONTROL-C.

ℹ️ RenewableData 3. changed; full recalculation is manual now.
ℹ️ RenewableData 9.3 changed; full recalculation is manual now.
ℹ️ RenewableData 9.3.1.2 changed; full recalculation is manual now.
ℹ️ RenewableData 9.3.2.1 changed; full recalculation is manual now.
ℹ️ RenewableData 9.4.1 changed; full recalculation is manual now.
ℹ️ RenewableData 9.4.3 changed; full recalculation is manual now.
ℹ️ RenewableData 9.4.3.2 changed; full recalculation is manual now.
ℹ️ RenewableData 9.4.3.3 changed; full recalculation is manual now.
ℹ️ RenewableData 1.2.1.2 changed; full recalculation is manual now.
ℹ️ RenewableData 1.2.1.2.2 changed; full recalculation is manual now.
ℹ️ RenewableData 4. changed; full recalculation is manual now.
ℹ️ RenewableData 10.2 changed; full recalculation is manual now.
ℹ️ RenewableData 10.2.2 changed; full recalculation is manual now.
ℹ️ RenewableData 10.3.1 changed; full recalculation is manual now.
ℹ️ RenewableData 10.3 changed; full recalculation is manual now.
ℹ️ RenewableData 10.1 changed; full recalculation is manual now.
ℹ️ RenewableData 3. changed; full recalculation is manual now.
ℹ️ RenewableData 10.6.2 changed; full recalculation is manual now.
ℹ️ RenewableData 10.6 changed; full recalculation is manual now.
ℹ️ RenewableData 10.1 changed; full recalculation is manual now.
ℹ️ RenewableData 3. changed; full recalculation is manual now.
ℹ️ RenewableData 10.4.3 changed; full recalculation is manual now.
ℹ️ RenewableData 10.4 changed; full recalculation is manual now.
ℹ️ RenewableData 10.1 changed; full recalculation is manual now.
ℹ️ RenewableData 4. changed; full recalculation is manual now.
ℹ️ RenewableData 9.4 changed; full recalculation is manual now.
ℹ️ RenewableData 4. changed; full recalculation is manual now.
ℹ️ RenewableData 10.5.3 changed; full recalculation is manual now.
ℹ️ RenewableData 10.5 changed; full recalculation is manual now.
ℹ️ RenewableData 10.1 changed; full recalculation is manual now.
ℹ️ RenewableData 10.6.2 changed; full recalculation is manual now.
ℹ️ RenewableData 3. changed; full recalculation is manual now.
ℹ️ RenewableData 9.4 changed; full recalculation is manual now.
ℹ️ RenewableData 3. changed; full recalculation is manual now.
ℹ️ RenewableData 9.1.2 changed; full recalculation is manual now.
ℹ️ RenewableData 9.1 changed; full recalculation is manual now.
ℹ️ RenewableData 9.2 changed; full recalculation is manual now.
ℹ️ RenewableData 9.4.1 changed; full recalculation is manual now.
ℹ️ RenewableData 4. changed; full recalculation is manual now.
ℹ️ RenewableData 9.4 changed; full recalculation is manual now.
ℹ️ RenewableData 9.4.3 changed; full recalculation is manual now.
ℹ️ RenewableData 4. changed; full recalculation is manual now.
ℹ️ RenewableData 9.4.3.2 changed; full recalculation is manual now.
ℹ️ RenewableData 4. changed; full recalculation is manual now.
ℹ️ RenewableData 3. changed; full recalculation is manual now.
ℹ️ RenewableData 9.4.3.3 changed; full recalculation is manual now.
ℹ️ RenewableData 10.2 changed; full recalculation is manual now.
ℹ️ RenewableData 10.2.2 changed; full recalculation is manual now.
ℹ️ RenewableData 10.3.1 changed; full recalculation is manual now.
ℹ️ RenewableData 10.3 changed; full recalculation is manual now.
ℹ️ RenewableData 10.1 changed; full recalculation is manual now.
ℹ️ RenewableData 3. changed; full recalculation is manual now.
ℹ️ RenewableData 10.6.2 changed; full recalculation is manual now.
ℹ️ RenewableData 10.6 changed; full recalculation is manual now.
ℹ️ RenewableData 10.1 changed; full recalculation is manual now.
ℹ️ RenewableData 4. changed; full recalculation is manual now.
ℹ️ RenewableData 3. changed; full recalculation is manual now.
ℹ️ RenewableData 10.4.3 changed; full recalculation is manual now.
ℹ️ RenewableData 10.4 changed; full recalculation is manual now.
ℹ️ RenewableData 10.1 changed; full recalculation is manual now.
ℹ️ RenewableData 4. changed; full recalculation is manual now.
ℹ️ RenewableData 4. changed; full recalculation is manual now.
ℹ️ RenewableData 10.5.3 changed; full recalculation is manual now.
ℹ️ RenewableData 10.5 changed; full recalculation is manual now.
ℹ️ RenewableData 10.1 changed; full recalculation is manual now.
ℹ️ RenewableData 10.6.2 changed; full recalculation is manual now.
ℹ️ RenewableData 4. changed; full recalculation is manual now.
ℹ️ RenewableData 3. changed; full recalculation is manual now.
ℹ️ RenewableData 4. changed; full recalculation is manual now.
ℹ️ RenewableData 3. changed; full recalculation is manual now.
ℹ️ RenewableData 9.4.3.3 changed; full recalculation is manual now.
ℹ️ RenewableData 3. changed; full recalculation is manual now.
ℹ️ RenewableData 9.4.3.3 changed; full recalculation is manual now.
ℹ️ RenewableData 3. changed; full recalculation is manual now.
ℹ️ RenewableData 9.4.3.3 changed; full recalculation is manual now.
ℹ️ RenewableData 10.2 changed; full recalculation is manual now.
ℹ️ RenewableData 10.2.2 changed; full recalculation is manual now.
ℹ️ RenewableData 10.3.1 changed; full recalculation is manual now.
ℹ️ RenewableData 10.3 changed; full recalculation is manual now.
ℹ️ RenewableData 10.1 changed; full recalculation is manual now.
ℹ️ RenewableData 3. changed; full recalculation is manual now.
ℹ️ RenewableData 10.6.2 changed; full recalculation is manual now.
ℹ️ RenewableData 10.6 changed; full recalculation is manual now.
ℹ️ RenewableData 10.1 changed; full recalculation is manual now.
ℹ️ RenewableData 4. changed; full recalculation is manual now.
ℹ️ RenewableData 9.4.3.3 changed; full recalculation is manual now.
ℹ️ RenewableData 10.2 changed; full recalculation is manual now.
ℹ️ RenewableData 10.2.2 changed; full recalculation is manual now.
ℹ️ RenewableData 10.3.1 changed; full recalculation is manual now.
ℹ️ RenewableData 10.3 changed; full recalculation is manual now.
ℹ️ RenewableData 10.1 changed; full recalculation is manual now.
ℹ️ RenewableData 3. changed; full recalculation is manual now.
ℹ️ RenewableData 10.6.2 changed; full recalculation is manual now.
ℹ️ RenewableData 10.6 changed; full recalculation is manual now.
ℹ️ RenewableData 10.1 changed; full recalculation is manual now.
ℹ️ RenewableData 4. changed; full recalculation is manual now.
ℹ️ RenewableData 3. changed; full recalculation is manual now.
ℹ️ RenewableData 10.6.2 changed; full recalculation is manual now.
ℹ️ RenewableData 10.4.3 changed; full recalculation is manual now.
ℹ️ RenewableData 10.4 changed; full recalculation is manual now.
ℹ️ RenewableData 10.1 changed; full recalculation is manual now.
ℹ️ RenewableData 4. changed; full recalculation is manual now.
ℹ️ RenewableData 4. changed; full recalculation is manual now.
ℹ️ RenewableData 10.5.3 changed; full recalculation is manual now.
ℹ️ RenewableData 10.5 changed; full recalculation is manual now.
ℹ️ RenewableData 10.1 changed; full recalculation is manual now.
ℹ️ RenewableData 4. changed; full recalculation is manual now.
ℹ️ RenewableData 3. changed; full recalculation is manual now.
ℹ️ RenewableData 4. changed; full recalculation is manual now.
ℹ️ RenewableData 3. changed; full recalculation is manual now.
ℹ️ RenewableData 9.4.3.3 changed; full recalculation is manual now.
ℹ️ RenewableData 3. changed; full recalculation is manual now.
ℹ️ RenewableData 10.4.3 changed; full recalculation is manual now.
ℹ️ RenewableData 10.5.3 changed; full recalculation is manual now.
{"timestamp": "2025-12-02T14:13:03.945443Z", "level": "info", "component": "django.server", "file": "/Users/deeptimaheedharan/Library/Python/3.9/lib/python/site-packages/django/core/servers/basehttp.py", "line": 212, "function": "log_message", "message": "\"POST /landuse/145/update_percent/ HTTP/1.1\" 200 117", "eventType": "other", "context": {}, "stack": null}
{"timestamp": "2025-12-02T14:13:11.914944Z", "level": "info", "component": "django.server", "file": "/Users/deeptimaheedharan/Library/Python/3.9/lib/python/site-packages/django/core/servers/basehttp.py", "line": 212, "function": "log_message", "message": "\"POST /api/run-full-recalc/ HTTP/1.1\" 200 246", "eventType": "other", "context": {}, "stack": null}
{"timestamp": "2025-12-02T14:13:14.590202Z", "level": "info", "component": "django.server", "file": "/Users/deeptimaheedharan/Library/Python/3.9/lib/python/site-packages/django/core/servers/basehttp.py", "line": 212, "function": "log_message", "message": "\"GET /renewable/?run_id=145 HTTP/1.1\" 200 527423", "eventType": "other", "context": {}, "stack": null}
{"timestamp": "2025-12-02T14:13:22.408575Z", "level": "info", "component": "django.server", "file": "/Users/deeptimaheedharan/Library/Python/3.9/lib/python/site-packages/django/core/servers/basehttp.py", "line": 212, "function": "log_message", "message": "\"GET /annual-electricity/ HTTP/1.1\" 200 28953", "eventType": "other", "context": {}, "stack": null}
{"timestamp": "2025-12-02T14:13:42.198978Z", "level": "info", "component": "django.server", "file": "/Users/deeptimaheedharan/Library/Python/3.9/lib/python/site-packages/django/core/servers/basehttp.py", "line": 212, "function": "log_message", "message": "\"POST /api/ws/balance/ HTTP/1.1\" 200 332", "eventType": "other", "context": {}, "stack": null}
{"timestamp": "2025-12-02T14:14:03.064922Z", "level": "info", "component": "django.server", "file": "/Users/deeptimaheedharan/Library/Python/3.9/lib/python/site-packages/django/core/servers/basehttp.py", "line": 212, "function": "log_message", "message": "\"GET /bilanz/ HTTP/1.1\" 200 41223", "eventType": "other", "context": {}, "stack": null}
{"timestamp": "2025-12-02T14:14:06.429538Z", "level": "info", "component": "django.server", "file": "/Users/deeptimaheedharan/Library/Python/3.9/lib/python/site-packages/django/core/servers/basehttp.py", "line": 212, "function": "log_message", "message": "\"GET /renewable/ HTTP/1.1\" 200 527422", "eventType": "other", "context": {}, "stack": null}
{"timestamp": "2025-12-02T14:14:11.393257Z", "level": "info", "component": "django.server", "file": "/Users/deeptimaheedharan/Library/Python/3.9/lib/python/site-packages/django/core/servers/basehttp.py", "line": 212, "function": "log_message", "message": "\"POST /api/run-full-recalc/ HTTP/1.1\" 200 246", "eventType": "other", "context": {}, "stack": null}
{"timestamp": "2025-12-02T14:14:13.273279Z", "level": "info", "component": "django.server", "file": "/Users/deeptimaheedharan/Library/Python/3.9/lib/python/site-packages/django/core/servers/basehttp.py", "line": 212, "function": "log_message", "message": "\"GET /renewable/?run_id=146 HTTP/1.1\" 200 527423", "eventType": "other", "context": {}, "stack": null}
{"timestamp": "2025-12-02T14:14:17.774378Z", "level": "info", "component": "django.server", "file": "/Users/deeptimaheedharan/Library/Python/3.9/lib/python/site-packages/django/core/servers/basehttp.py", "line": 212, "function": "log_message", "message": "\"GET /bilanz/ HTTP/1.1\" 200 41222", "eventType": "other", "context": {}, "stack": null}
ℹ️ RenewableData 10.6.2 changed; full recalculation is manual now.
ℹ️ RenewableData 10.6 changed; full recalculation is manual now.
ℹ️ RenewableData 10.1 changed; full recalculation is manual now.
ℹ️ RenewableData 4. changed; full recalculation is manual now.
ℹ️ RenewableData 3. changed; full recalculation is manual now.
ℹ️ RenewableData 10.6.2 changed; full recalculation is manual now.
ℹ️ RenewableData 10.6 changed; full recalculation is manual now.
ℹ️ RenewableData 10.1 changed; full recalculation is manual now.
ℹ️ RenewableData 4. changed; full recalculation is manual now.
ℹ️ RenewableData 3. changed; full recalculation is manual now.
ℹ️ RenewableData 9.4.3.2 changed; full recalculation is manual now.
ℹ️ RenewableData 3. changed; full recalculation is manual now.
ℹ️ RenewableData 9.4.3.3 changed; full recalculation is manual now.
ℹ️ RenewableData 10.2 changed; full recalculation is manual now.
ℹ️ RenewableData 10.2.2 changed; full recalculation is manual now.
ℹ️ RenewableData 10.3.1 changed; full recalculation is manual now.
ℹ️ RenewableData 10.3 changed; full recalculation is manual now.
ℹ️ RenewableData 10.1 changed; full recalculation is manual now.
ℹ️ RenewableData 3. changed; full recalculation is manual now.
ℹ️ RenewableData 10.6.2 changed; full recalculation is manual now.
ℹ️ RenewableData 10.6 changed; full recalculation is manual now.
ℹ️ RenewableData 10.1 changed; full recalculation is manual now.
ℹ️ RenewableData 4. changed; full recalculation is manual now.
ℹ️ RenewableData 9.4.3.3 changed; full recalculation is manual now.
ℹ️ RenewableData 10.2 changed; full recalculation is manual now.
ℹ️ RenewableData 10.2.2 changed; full recalculation is manual now.
ℹ️ RenewableData 10.3.1 changed; full recalculation is manual now.
ℹ️ RenewableData 10.3 changed; full recalculation is manual now.
ℹ️ RenewableData 10.1 changed; full recalculation is manual now.
ℹ️ RenewableData 3. changed; full recalculation is manual now.
ℹ️ RenewableData 10.6.2 changed; full recalculation is manual now.
ℹ️ RenewableData 10.6 changed; full recalculation is manual now.
ℹ️ RenewableData 10.1 changed; full recalculation is manual now.
ℹ️ RenewableData 4. changed; full recalculation is manual now.
ℹ️ RenewableData 3. changed; full recalculation is manual now.
ℹ️ RenewableData 10.4.3 changed; full recalculation is manual now.
ℹ️ RenewableData 10.4 changed; full recalculation is manual now.
ℹ️ RenewableData 10.1 changed; full recalculation is manual now.
ℹ️ RenewableData 4. changed; full recalculation is manual now.
ℹ️ RenewableData 4. changed; full recalculation is manual now.
ℹ️ RenewableData 10.5.3 changed; full recalculation is manual now.
ℹ️ RenewableData 10.5 changed; full recalculation is manual now.
ℹ️ RenewableData 10.1 changed; full recalculation is manual now.
ℹ️ RenewableData 10.6.2 changed; full recalculation is manual now.
ℹ️ RenewableData 4. changed; full recalculation is manual now.
ℹ️ RenewableData 3. changed; full recalculation is manual now.
ℹ️ RenewableData 4. changed; full recalculation is manual now.
ℹ️ RenewableData 3. changed; full recalculation is manual now.
ℹ️ RenewableData 9.4.3.3 changed; full recalculation is manual now.
ℹ️ RenewableData 3. changed; full recalculation is manual now.
ℹ️ RenewableData 10.6.2 changed; full recalculation is manual now.
ℹ️ RenewableData 10.6 changed; full recalculation is manual now.
ℹ️ RenewableData 10.1 changed; full recalculation is manual now.
ℹ️ RenewableData 10.4.3 changed; full recalculation is manual now.
ℹ️ RenewableData 10.5.3 changed; full recalculation is manual now.
ℹ️ RenewableData 4. changed; full recalculation is manual now.
ℹ️ RenewableData 3. changed; full recalculation is manual now.
ℹ️ RenewableData 10.6.2 changed; full recalculation is manual now.
ℹ️ RenewableData 10.6 changed; full recalculation is manual now.
ℹ️ RenewableData 10.1 changed; full recalculation is manual now.
ℹ️ RenewableData 4. changed; full recalculation is manual now.
ℹ️ RenewableData 3. changed; full recalculation is manual now.
ℹ️ RenewableData 9.4.3 changed; full recalculation is manual now.
ℹ️ RenewableData 3. changed; full recalculation is manual now.
ℹ️ RenewableData 9.4 changed; full recalculation is manual now.
ℹ️ RenewableData 9.4.3 changed; full recalculation is manual now.
ℹ️ RenewableData 9.2 changed; full recalculation is manual now.
ℹ️ RenewableData 1.2 changed; full recalculation is manual now.
ℹ️ RenewableData 3. changed; full recalculation is manual now.
ℹ️ RenewableData 9.3 changed; full recalculation is manual now.
ℹ️ RenewableData 9.3.1.2 changed; full recalculation is manual now.
ℹ️ RenewableData 9.3.2.1 changed; full recalculation is manual now.
ℹ️ RenewableData 9.4.1 changed; full recalculation is manual now.
ℹ️ RenewableData 9.4.3 changed; full recalculation is manual now.
ℹ️ RenewableData 9.4.3.2 changed; full recalculation is manual now.
ℹ️ RenewableData 9.4.3.3 changed; full recalculation is manual now.
ℹ️ RenewableData 10.2 changed; full recalculation is manual now.
ℹ️ RenewableData 10.2.2 changed; full recalculation is manual now.
ℹ️ RenewableData 10.3.1 changed; full recalculation is manual now.
ℹ️ RenewableData 10.4.3 changed; full recalculation is manual now.
ℹ️ RenewableData 10.5.3 changed; full recalculation is manual now.
ℹ️ RenewableData 10.6.2 changed; full recalculation is manual now.
ℹ️ RenewableData 3. changed; full recalculation is manual now.
ℹ️ RenewableData 4. changed; full recalculation is manual now.
ℹ️ RenewableData 9.4 changed; full recalculation is manual now.
ℹ️ RenewableData 10.3 changed; full recalculation is manual now.
ℹ️ RenewableData 10.4 changed; full recalculation is manual now.
ℹ️ RenewableData 10.5 changed; full recalculation is manual now.
ℹ️ RenewableData 10.6 changed; full recalculation is manual now.
ℹ️ RenewableData 10.1 changed; full recalculation is manual now.
✅ Manual target_ha change detected for LU_2.1: 195497.35 ha → 1.10%
ℹ️ RenewableData 1.2.1.2 changed; full recalculation is manual now.
ℹ️ RenewableData 1.2.1.2.2 changed; full recalculation is manual now.
ℹ️ RenewableData 9.1.2 changed; full recalculation is manual now.
ℹ️ RenewableData 9.1 changed; full recalculation is manual now.
ℹ️ RenewableData 9.2 changed; full recalculation is manual now.
ℹ️ RenewableData 9.4.1 changed; full recalculation is manual now.
ℹ️ RenewableData 4. changed; full recalculation is manual now.
ℹ️ RenewableData 9.4 changed; full recalculation is manual now.
ℹ️ RenewableData 9.4.3 changed; full recalculation is manual now.
ℹ️ RenewableData 4. changed; full recalculation is manual now.
ℹ️ RenewableData 9.4.3.2 changed; full recalculation is manual now.
ℹ️ RenewableData 4. changed; full recalculation is manual now.
ℹ️ RenewableData 3. changed; full recalculation is manual now.
ℹ️ RenewableData 9.4.3.3 changed; full recalculation is manual now.
ℹ️ RenewableData 10.2 changed; full recalculation is manual now.
ℹ️ RenewableData 10.2.2 changed; full recalculation is manual now.
ℹ️ RenewableData 10.3.1 changed; full recalculation is manual now.
ℹ️ RenewableData 10.3 changed; full recalculation is manual now.
ℹ️ RenewableData 10.1 changed; full recalculation is manual now.
ℹ️ RenewableData 3. changed; full recalculation is manual now.
ℹ️ RenewableData 10.6.2 changed; full recalculation is manual now.
ℹ️ RenewableData 10.6 changed; full recalculation is manual now.
ℹ️ RenewableData 10.1 changed; full recalculation is manual now.
ℹ️ RenewableData 4. changed; full recalculation is manual now.
ℹ️ RenewableData 3. changed; full recalculation is manual now.
ℹ️ RenewableData 10.4.3 changed; full recalculation is manual now.
ℹ️ RenewableData 10.4 changed; full recalculation is manual now.
ℹ️ RenewableData 10.1 changed; full recalculation is manual now.
ℹ️ RenewableData 4. changed; full recalculation is manual now.
ℹ️ RenewableData 4. changed; full recalculation is manual now.
ℹ️ RenewableData 10.5.3 changed; full recalculation is manual now.
ℹ️ RenewableData 10.5 changed; full recalculation is manual now.
ℹ️ RenewableData 10.1 changed; full recalculation is manual now.
ℹ️ RenewableData 10.6.2 changed; full recalculation is manual now.
ℹ️ RenewableData 4. changed; full recalculation is manual now.
ℹ️ RenewableData 3. changed; full recalculation is manual now.
ℹ️ RenewableData 4. changed; full recalculation is manual now.
ℹ️ RenewableData 3. changed; full recalculation is manual now.
ℹ️ RenewableData 9.4.3.3 changed; full recalculation is manual now.
ℹ️ RenewableData 3. changed; full recalculation is manual now.
ℹ️ RenewableData 9.4.3.3 changed; full recalculation is manual now.
ℹ️ RenewableData 3. changed; full recalculation is manual now.
ℹ️ RenewableData 9.4.3.3 changed; full recalculation is manual now.
ℹ️ RenewableData 10.2 changed; full recalculation is manual now.
ℹ️ RenewableData 10.2.2 changed; full recalculation is manual now.
ℹ️ RenewableData 10.3.1 changed; full recalculation is manual now.
ℹ️ RenewableData 10.3 changed; full recalculation is manual now.
ℹ️ RenewableData 10.1 changed; full recalculation is manual now.
ℹ️ RenewableData 3. changed; full recalculation is manual now.
ℹ️ RenewableData 10.6.2 changed; full recalculation is manual now.
ℹ️ RenewableData 10.6 changed; full recalculation is manual now.
ℹ️ RenewableData 10.1 changed; full recalculation is manual now.
ℹ️ RenewableData 4. changed; full recalculation is manual now.
ℹ️ RenewableData 9.4.3.3 changed; full recalculation is manual now.
ℹ️ RenewableData 10.2 changed; full recalculation is manual now.
ℹ️ RenewableData 10.2.2 changed; full recalculation is manual now.
ℹ️ RenewableData 10.3.1 changed; full recalculation is manual now.
ℹ️ RenewableData 10.3 changed; full recalculation is manual now.
ℹ️ RenewableData 10.1 changed; full recalculation is manual now.
ℹ️ RenewableData 3. changed; full recalculation is manual now.
ℹ️ RenewableData 10.6.2 changed; full recalculation is manual now.
ℹ️ RenewableData 10.6 changed; full recalculation is manual now.
ℹ️ RenewableData 10.1 changed; full recalculation is manual now.
ℹ️ RenewableData 4. changed; full recalculation is manual now.
ℹ️ RenewableData 3. changed; full recalculation is manual now.
ℹ️ RenewableData 10.6.2 changed; full recalculation is manual now.
ℹ️ RenewableData 10.4.3 changed; full recalculation is manual now.
ℹ️ RenewableData 10.4 changed; full recalculation is manual now.
ℹ️ RenewableData 10.1 changed; full recalculation is manual now.
ℹ️ RenewableData 4. changed; full recalculation is manual now.
ℹ️ RenewableData 4. changed; full recalculation is manual now.
ℹ️ RenewableData 10.5.3 changed; full recalculation is manual now.
ℹ️ RenewableData 10.5 changed; full recalculation is manual now.
ℹ️ RenewableData 10.1 changed; full recalculation is manual now.
ℹ️ RenewableData 4. changed; full recalculation is manual now.
ℹ️ RenewableData 3. changed; full recalculation is manual now.
ℹ️ RenewableData 4. changed; full recalculation is manual now.
ℹ️ RenewableData 3. changed; full recalculation is manual now.
ℹ️ RenewableData 9.4.3.3 changed; full recalculation is manual now.
ℹ️ RenewableData 3. changed; full recalculation is manual now.
ℹ️ RenewableData 10.4.3 changed; full recalculation is manual now.
ℹ️ RenewableData 10.5.3 changed; full recalculation is manual now.
ℹ️ RenewableData 10.6.2 changed; full recalculation is manual now.
ℹ️ RenewableData 10.6 changed; full recalculation is manual now.
ℹ️ RenewableData 10.1 changed; full recalculation is manual now.
ℹ️ RenewableData 4. changed; full recalculation is manual now.
ℹ️ RenewableData 3. changed; full recalculation is manual now.
ℹ️ RenewableData 10.6.2 changed; full recalculation is manual now.
ℹ️ RenewableData 10.6 changed; full recalculation is manual now.
ℹ️ RenewableData 10.1 changed; full recalculation is manual now.
ℹ️ RenewableData 4. changed; full recalculation is manual now.
ℹ️ RenewableData 3. changed; full recalculation is manual now.
ℹ️ RenewableData 9.4.3.2 changed; full recalculation is manual now.
ℹ️ RenewableData 3. changed; full recalculation is manual now.
ℹ️ RenewableData 9.4.3.3 changed; full recalculation is manual now.
ℹ️ RenewableData 10.2 changed; full recalculation is manual now.
ℹ️ RenewableData 10.2.2 changed; full recalculation is manual now.
ℹ️ RenewableData 10.3.1 changed; full recalculation is manual now.
ℹ️ RenewableData 10.3 changed; full recalculation is manual now.
ℹ️ RenewableData 10.1 changed; full recalculation is manual now.
ℹ️ RenewableData 3. changed; full recalculation is manual now.
ℹ️ RenewableData 10.6.2 changed; full recalculation is manual now.
ℹ️ RenewableData 10.6 changed; full recalculation is manual now.
ℹ️ RenewableData 10.1 changed; full recalculation is manual now.
ℹ️ RenewableData 4. changed; full recalculation is manual now.
ℹ️ RenewableData 9.4.3.3 changed; full recalculation is manual now.
ℹ️ RenewableData 10.2 changed; full recalculation is manual now.
ℹ️ RenewableData 10.2.2 changed; full recalculation is manual now.
ℹ️ RenewableData 10.3.1 changed; full recalculation is manual now.
ℹ️ RenewableData 10.3 changed; full recalculation is manual now.
ℹ️ RenewableData 10.1 changed; full recalculation is manual now.
ℹ️ RenewableData 3. changed; full recalculation is manual now.
ℹ️ RenewableData 10.6.2 changed; full recalculation is manual now.
ℹ️ RenewableData 10.6 changed; full recalculation is manual now.
ℹ️ RenewableData 10.1 changed; full recalculation is manual now.
ℹ️ RenewableData 4. changed; full recalculation is manual now.
ℹ️ RenewableData 3. changed; full recalculation is manual now.
ℹ️ RenewableData 10.4.3 changed; full recalculation is manual now.
ℹ️ RenewableData 10.4 changed; full recalculation is manual now.
ℹ️ RenewableData 10.1 changed; full recalculation is manual now.
ℹ️ RenewableData 4. changed; full recalculation is manual now.
ℹ️ RenewableData 4. changed; full recalculation is manual now.
ℹ️ RenewableData 10.5.3 changed; full recalculation is manual now.
ℹ️ RenewableData 10.5 changed; full recalculation is manual now.
ℹ️ RenewableData 10.1 changed; full recalculation is manual now.
ℹ️ RenewableData 10.6.2 changed; full recalculation is manual now.
ℹ️ RenewableData 4. changed; full recalculation is manual now.
ℹ️ RenewableData 3. changed; full recalculation is manual now.
ℹ️ RenewableData 4. changed; full recalculation is manual now.
ℹ️ RenewableData 3. changed; full recalculation is manual now.
ℹ️ RenewableData 9.4.3.3 changed; full recalculation is manual now.
ℹ️ RenewableData 3. changed; full recalculation is manual now.
ℹ️ RenewableData 10.6.2 changed; full recalculation is manual now.
ℹ️ RenewableData 10.6 changed; full recalculation is manual now.
ℹ️ RenewableData 10.1 changed; full recalculation is manual now.
ℹ️ RenewableData 10.4.3 changed; full recalculation is manual now.
ℹ️ RenewableData 10.5.3 changed; full recalculation is manual now.
ℹ️ RenewableData 4. changed; full recalculation is manual now.
ℹ️ RenewableData 3. changed; full recalculation is manual now.
ℹ️ RenewableData 10.6.2 changed; full recalculation is manual now.
ℹ️ RenewableData 10.6 changed; full recalculation is manual now.
ℹ️ RenewableData 10.1 changed; full recalculation is manual now.
ℹ️ RenewableData 4. changed; full recalculation is manual now.
ℹ️ RenewableData 3. changed; full recalculation is manual now.
ℹ️ RenewableData 9.4.3 changed; full recalculation is manual now.
ℹ️ RenewableData 3. changed; full recalculation is manual now.
ℹ️ RenewableData 9.4 changed; full recalculation is manual now.
ℹ️ RenewableData 9.4.3 changed; full recalculation is manual now.
ℹ️ RenewableData 9.2 changed; full recalculation is manual now.
ℹ️ RenewableData 1.2 changed; full recalculation is manual now.
✅ Manual target_ha change detected for LU_2.1: 557273.52 ha → 3.14%
ℹ️ RenewableData 1.2.1.2 changed; full recalculation is manual now.
ℹ️ RenewableData 1.2.1.2.2 changed; full recalculation is manual now.
ℹ️ RenewableData 9.1.2 changed; full recalculation is manual now.
ℹ️ RenewableData 9.1 changed; full recalculation is manual now.
ℹ️ RenewableData 9.2 changed; full recalculation is manual now.
ℹ️ RenewableData 9.4.1 changed; full recalculation is manual now.
ℹ️ RenewableData 4. changed; full recalculation is manual now.
ℹ️ RenewableData 9.4 changed; full recalculation is manual now.
ℹ️ RenewableData 9.4.3 changed; full recalculation is manual now.
ℹ️ RenewableData 4. changed; full recalculation is manual now.
ℹ️ RenewableData 9.4.3.2 changed; full recalculation is manual now.
ℹ️ RenewableData 4. changed; full recalculation is manual now.
ℹ️ RenewableData 3. changed; full recalculation is manual now.
ℹ️ RenewableData 9.4.3.3 changed; full recalculation is manual now.
ℹ️ RenewableData 10.2 changed; full recalculation is manual now.
ℹ️ RenewableData 10.2.2 changed; full recalculation is manual now.
ℹ️ RenewableData 10.3.1 changed; full recalculation is manual now.
ℹ️ RenewableData 10.3 changed; full recalculation is manual now.
ℹ️ RenewableData 10.1 changed; full recalculation is manual now.
ℹ️ RenewableData 3. changed; full recalculation is manual now.
ℹ️ RenewableData 10.6.2 changed; full recalculation is manual now.
ℹ️ RenewableData 10.6 changed; full recalculation is manual now.
ℹ️ RenewableData 10.1 changed; full recalculation is manual now.
ℹ️ RenewableData 4. changed; full recalculation is manual now.
ℹ️ RenewableData 3. changed; full recalculation is manual now.
ℹ️ RenewableData 10.4.3 changed; full recalculation is manual now.
ℹ️ RenewableData 10.4 changed; full recalculation is manual now.
ℹ️ RenewableData 10.1 changed; full recalculation is manual now.
ℹ️ RenewableData 4. changed; full recalculation is manual now.
ℹ️ RenewableData 4. changed; full recalculation is manual now.
ℹ️ RenewableData 10.5.3 changed; full recalculation is manual now.
ℹ️ RenewableData 10.5 changed; full recalculation is manual now.
ℹ️ RenewableData 10.1 changed; full recalculation is manual now.
ℹ️ RenewableData 10.6.2 changed; full recalculation is manual now.
ℹ️ RenewableData 4. changed; full recalculation is manual now.
ℹ️ RenewableData 3. changed; full recalculation is manual now.
ℹ️ RenewableData 4. changed; full recalculation is manual now.
ℹ️ RenewableData 3. changed; full recalculation is manual now.
ℹ️ RenewableData 9.4.3.3 changed; full recalculation is manual now.
ℹ️ RenewableData 3. changed; full recalculation is manual now.
ℹ️ RenewableData 9.4.3.3 changed; full recalculation is manual now.
ℹ️ RenewableData 3. changed; full recalculation is manual now.
ℹ️ RenewableData 9.4.3.3 changed; full recalculation is manual now.
ℹ️ RenewableData 10.2 changed; full recalculation is manual now.
ℹ️ RenewableData 10.2.2 changed; full recalculation is manual now.
ℹ️ RenewableData 10.3.1 changed; full recalculation is manual now.
ℹ️ RenewableData 10.3 changed; full recalculation is manual now.
ℹ️ RenewableData 10.1 changed; full recalculation is manual now.
ℹ️ RenewableData 3. changed; full recalculation is manual now.
ℹ️ RenewableData 10.6.2 changed; full recalculation is manual now.
ℹ️ RenewableData 10.6 changed; full recalculation is manual now.
ℹ️ RenewableData 10.1 changed; full recalculation is manual now.
ℹ️ RenewableData 4. changed; full recalculation is manual now.
ℹ️ RenewableData 9.4.3.3 changed; full recalculation is manual now.
ℹ️ RenewableData 10.2 changed; full recalculation is manual now.
ℹ️ RenewableData 10.2.2 changed; full recalculation is manual now.
ℹ️ RenewableData 10.3.1 changed; full recalculation is manual now.
ℹ️ RenewableData 10.3 changed; full recalculation is manual now.
ℹ️ RenewableData 10.1 changed; full recalculation is manual now.
ℹ️ RenewableData 3. changed; full recalculation is manual now.
ℹ️ RenewableData 10.6.2 changed; full recalculation is manual now.
ℹ️ RenewableData 10.6 changed; full recalculation is manual now.
ℹ️ RenewableData 10.1 changed; full recalculation is manual now.
ℹ️ RenewableData 4. changed; full recalculation is manual now.
ℹ️ RenewableData 3. changed; full recalculation is manual now.
ℹ️ RenewableData 10.6.2 changed; full recalculation is manual now.
ℹ️ RenewableData 10.4.3 changed; full recalculation is manual now.
ℹ️ RenewableData 10.4 changed; full recalculation is manual now.
ℹ️ RenewableData 10.1 changed; full recalculation is manual now.
ℹ️ RenewableData 4. changed; full recalculation is manual now.
ℹ️ RenewableData 4. changed; full recalculation is manual now.
ℹ️ RenewableData 10.5.3 changed; full recalculation is manual now.
ℹ️ RenewableData 10.5 changed; full recalculation is manual now.
ℹ️ RenewableData 10.1 changed; full recalculation is manual now.
ℹ️ RenewableData 4. changed; full recalculation is manual now.
ℹ️ RenewableData 3. changed; full recalculation is manual now.
ℹ️ RenewableData 4. changed; full recalculation is manual now.
ℹ️ RenewableData 3. changed; full recalculation is manual now.
ℹ️ RenewableData 9.4.3.3 changed; full recalculation is manual now.
ℹ️ RenewableData 3. changed; full recalculation is manual now.
ℹ️ RenewableData 10.4.3 changed; full recalculation is manual now.
ℹ️ RenewableData 10.5.3 changed; full recalculation is manual now.
ℹ️ RenewableData 10.6.2 changed; full recalculation is manual now.
ℹ️ RenewableData 10.6 changed; full recalculation is manual now.
ℹ️ RenewableData 10.1 changed; full recalculation is manual now.
ℹ️ RenewableData 4. changed; full recalculation is manual now.
ℹ️ RenewableData 3. changed; full recalculation is manual now.
ℹ️ RenewableData 10.6.2 changed; full recalculation is manual now.
ℹ️ RenewableData 10.6 changed; full recalculation is manual now.
ℹ️ RenewableData 10.1 changed; full recalculation is manual now.
ℹ️ RenewableData 4. changed; full recalculation is manual now.
ℹ️ RenewableData 3. changed; full recalculation is manual now.
ℹ️ RenewableData 9.4.3.2 changed; full recalculation is manual now.
ℹ️ RenewableData 3. changed; full recalculation is manual now.
ℹ️ RenewableData 9.4.3.3 changed; full recalculation is manual now.
ℹ️ RenewableData 10.2 changed; full recalculation is manual now.
ℹ️ RenewableData 10.2.2 changed; full recalculation is manual now.
ℹ️ RenewableData 10.3.1 changed; full recalculation is manual now.
ℹ️ RenewableData 10.3 changed; full recalculation is manual now.
ℹ️ RenewableData 10.1 changed; full recalculation is manual now.
ℹ️ RenewableData 3. changed; full recalculation is manual now.
ℹ️ RenewableData 10.6.2 changed; full recalculation is manual now.
ℹ️ RenewableData 10.6 changed; full recalculation is manual now.
ℹ️ RenewableData 10.1 changed; full recalculation is manual now.
ℹ️ RenewableData 4. changed; full recalculation is manual now.
ℹ️ RenewableData 9.4.3.3 changed; full recalculation is manual now.
ℹ️ RenewableData 10.2 changed; full recalculation is manual now.
ℹ️ RenewableData 10.2.2 changed; full recalculation is manual now.
ℹ️ RenewableData 10.3.1 changed; full recalculation is manual now.
ℹ️ RenewableData 10.3 changed; full recalculation is manual now.
ℹ️ RenewableData 10.1 changed; full recalculation is manual now.
ℹ️ RenewableData 3. changed; full recalculation is manual now.
{"timestamp": "2025-12-02T14:14:43.004639Z", "level": "info", "component": "django.server", "file": "/Users/deeptimaheedharan/Library/Python/3.9/lib/python/site-packages/django/core/servers/basehttp.py", "line": 212, "function": "log_message", "message": "\"POST /api/balance-energy/ HTTP/1.1\" 200 267", "eventType": "other", "context": {}, "stack": null}
{"timestamp": "2025-12-02T14:14:44.900431Z", "level": "info", "component": "django.server", "file": "/Users/deeptimaheedharan/Library/Python/3.9/lib/python/site-packages/django/core/servers/basehttp.py", "line": 212, "function": "log_message", "message": "\"GET /bilanz/ HTTP/1.1\" 200 41174", "eventType": "other", "context": {}, "stack": null}
{"timestamp": "2025-12-02T14:14:53.926296Z", "level": "info", "component": "django.server", "file": "/Users/deeptimaheedharan/Library/Python/3.9/lib/python/site-packages/django/core/servers/basehttp.py", "line": 212, "function": "log_message", "message": "\"GET /landuse/ HTTP/1.1\" 200 114442", "eventType": "other", "context": {}, "stack": null}
{"timestamp": "2025-12-02T14:15:02.624287Z", "level": "info", "component": "django.server", "file": "/Users/deeptimaheedharan/Library/Python/3.9/lib/python/site-packages/django/core/servers/basehttp.py", "line": 212, "function": "log_message", "message": "\"GET /landuse/ HTTP/1.1\" 200 114442", "eventType": "other", "context": {}, "stack": null}
{"timestamp": "2025-12-02T14:15:19.476031Z", "level": "info", "component": "django.server", "file": "/Users/deeptimaheedharan/Library/Python/3.9/lib/python/site-packages/django/core/servers/basehttp.py", "line": 212, "function": "log_message", "message": "\"GET /bilanz/ HTTP/1.1\" 200 41174", "eventType": "other", "context": {}, "stack": null}
{"timestamp": "2025-12-02T14:16:43.610498Z", "level": "info", "component": "django.server", "file": "/Users/deeptimaheedharan/Library/Python/3.9/lib/python/site-packages/django/core/servers/basehttp.py", "line": 212, "function": "log_message", "message": "\"GET /verbrauch/ HTTP/1.1\" 200 187015", "eventType": "other", "context": {}, "stack": null}
{"timestamp": "2025-12-02T14:17:41.195884Z", "level": "info", "component": "django.server", "file": "/Users/deeptimaheedharan/Library/Python/3.9/lib/python/site-packages/django/core/servers/basehttp.py", "line": 212, "function": "log_message", "message": "\"GET /annual-electricity/ HTTP/1.1\" 200 28956", "eventType": "other", "context": {}, "stack": null}
{"timestamp": "2025-12-02T14:18:28.577801Z", "level": "info", "component": "django.server", "file": "/Users/deeptimaheedharan/Library/Python/3.9/lib/python/site-packages/django/core/servers/basehttp.py", "line": 212, "function": "log_message", "message": "\"GET /annual-electricity/ HTTP/1.1\" 200 28956", "eventType": "other", "context": {}, "stack": null}
{"timestamp": "2025-12-02T14:18:29.773712Z", "level": "info", "component": "django.server", "file": "/Users/deeptimaheedharan/Library/Python/3.9/lib/python/site-packages/django/core/servers/basehttp.py", "line": 212, "function": "log_message", "message": "\"GET /admin/ HTTP/1.1\" 200 10958", "eventType": "other", "context": {}, "stack": null}
{"timestamp": "2025-12-02T14:18:29.946248Z", "level": "info", "component": "django.server", "file": "/Users/deeptimaheedharan/Library/Python/3.9/lib/python/site-packages/django/core/servers/basehttp.py", "line": 212, "function": "log_message", "message": "\"GET /admin/ HTTP/1.1\" 200 10958", "eventType": "other", "context": {}, "stack": null}
{"timestamp": "2025-12-02T14:18:30.639850Z", "level": "info", "component": "django.server", "file": "/Users/deeptimaheedharan/Library/Python/3.9/lib/python/site-packages/django/core/servers/basehttp.py", "line": 212, "function": "log_message", "message": "\"GET /static/admin/css/dark_mode.css HTTP/1.1\" 304 0", "eventType": "other", "context": {}, "stack": null}
{"timestamp": "2025-12-02T14:18:30.640714Z", "level": "info", "component": "django.server", "file": "/Users/deeptimaheedharan/Library/Python/3.9/lib/python/site-packages/django/core/servers/basehttp.py", "line": 212, "function": "log_message", "message": "\"GET /static/admin/js/nav_sidebar.js HTTP/1.1\" 304 0", "eventType": "other", "context": {}, "stack": null}
{"timestamp": "2025-12-02T14:18:30.640949Z", "level": "info", "component": "django.server", "file": "/Users/deeptimaheedharan/Library/Python/3.9/lib/python/site-packages/django/core/servers/basehttp.py", "line": 212, "function": "log_message", "message": "\"GET /static/admin/js/theme.js HTTP/1.1\" 304 0", "eventType": "other", "context": {}, "stack": null}
{"timestamp": "2025-12-02T14:18:30.641889Z", "level": "info", "component": "django.server", "file": "/Users/deeptimaheedharan/Library/Python/3.9/lib/python/site-packages/django/core/servers/basehttp.py", "line": 212, "function": "log_message", "message": "\"GET /static/admin/css/dashboard.css HTTP/1.1\" 304 0", "eventType": "other", "context": {}, "stack": null}
{"timestamp": "2025-12-02T14:18:30.642202Z", "level": "info", "component": "django.server", "file": "/Users/deeptimaheedharan/Library/Python/3.9/lib/python/site-packages/django/core/servers/basehttp.py", "line": 212, "function": "log_message", "message": "\"GET /static/admin/css/nav_sidebar.css HTTP/1.1\" 304 0", "eventType": "other", "context": {}, "stack": null}
{"timestamp": "2025-12-02T14:18:30.643142Z", "level": "info", "component": "django.server", "file": "/Users/deeptimaheedharan/Library/Python/3.9/lib/python/site-packages/django/core/servers/basehttp.py", "line": 212, "function": "log_message", "message": "\"GET /static/admin/css/base.css HTTP/1.1\" 304 0", "eventType": "other", "context": {}, "stack": null}
{"timestamp": "2025-12-02T14:18:30.643391Z", "level": "info", "component": "django.server", "file": "/Users/deeptimaheedharan/Library/Python/3.9/lib/python/site-packages/django/core/servers/basehttp.py", "line": 212, "function": "log_message", "message": "\"GET /static/admin/css/responsive.css HTTP/1.1\" 304 0", "eventType": "other", "context": {}, "stack": null}
{"timestamp": "2025-12-02T14:18:30.663738Z", "level": "info", "component": "django.server", "file": "/Users/deeptimaheedharan/Library/Python/3.9/lib/python/site-packages/django/core/servers/basehttp.py", "line": 212, "function": "log_message", "message": "\"GET /static/admin/img/icon-addlink.svg HTTP/1.1\" 304 0", "eventType": "other", "context": {}, "stack": null}
{"timestamp": "2025-12-02T14:18:30.664216Z", "level": "info", "component": "django.server", "file": "/Users/deeptimaheedharan/Library/Python/3.9/lib/python/site-packages/django/core/servers/basehttp.py", "line": 212, "function": "log_message", "message": "\"GET /static/admin/img/icon-changelink.svg HTTP/1.1\" 304 0", "eventType": "other", "context": {}, "stack": null}
{"timestamp": "2025-12-02T14:18:32.293168Z", "level": "info", "component": "django.server", "file": "/Users/deeptimaheedharan/Library/Python/3.9/lib/python/site-packages/django/core/servers/basehttp.py", "line": 212, "function": "log_message", "message": "\"GET /admin/simulator/wsdata/ HTTP/1.1\" 200 131318", "eventType": "other", "context": {}, "stack": null}
{"timestamp": "2025-12-02T14:18:32.298937Z", "level": "info", "component": "django.server", "file": "/Users/deeptimaheedharan/Library/Python/3.9/lib/python/site-packages/django/core/servers/basehttp.py", "line": 212, "function": "log_message", "message": "\"GET /static/admin/js/admin/RelatedObjectLookups.js HTTP/1.1\" 304 0", "eventType": "other", "context": {}, "stack": null}
{"timestamp": "2025-12-02T14:18:32.299493Z", "level": "info", "component": "django.server", "file": "/Users/deeptimaheedharan/Library/Python/3.9/lib/python/site-packages/django/core/servers/basehttp.py", "line": 212, "function": "log_message", "message": "\"GET /static/admin/css/changelists.css HTTP/1.1\" 304 0", "eventType": "other", "context": {}, "stack": null}
{"timestamp": "2025-12-02T14:18:32.299847Z", "level": "info", "component": "django.server", "file": "/Users/deeptimaheedharan/Library/Python/3.9/lib/python/site-packages/django/core/servers/basehttp.py", "line": 212, "function": "log_message", "message": "\"GET /static/admin/js/jquery.init.js HTTP/1.1\" 304 0", "eventType": "other", "context": {}, "stack": null}
{"timestamp": "2025-12-02T14:18:32.303428Z", "level": "info", "component": "django.server", "file": "/Users/deeptimaheedharan/Library/Python/3.9/lib/python/site-packages/django/core/servers/basehttp.py", "line": 212, "function": "log_message", "message": "\"GET /static/admin/js/actions.js HTTP/1.1\" 304 0", "eventType": "other", "context": {}, "stack": null}
{"timestamp": "2025-12-02T14:18:32.306204Z", "level": "info", "component": "django.server", "file": "/Users/deeptimaheedharan/Library/Python/3.9/lib/python/site-packages/django/core/servers/basehttp.py", "line": 212, "function": "log_message", "message": "\"GET /static/admin/js/core.js HTTP/1.1\" 304 0", "eventType": "other", "context": {}, "stack": null}
{"timestamp": "2025-12-02T14:18:32.307602Z", "level": "info", "component": "django.server", "file": "/Users/deeptimaheedharan/Library/Python/3.9/lib/python/site-packages/django/core/servers/basehttp.py", "line": 212, "function": "log_message", "message": "\"GET /static/admin/js/prepopulate.js HTTP/1.1\" 304 0", "eventType": "other", "context": {}, "stack": null}
{"timestamp": "2025-12-02T14:18:32.308160Z", "level": "info", "component": "django.server", "file": "/Users/deeptimaheedharan/Library/Python/3.9/lib/python/site-packages/django/core/servers/basehttp.py", "line": 212, "function": "log_message", "message": "\"GET /static/admin/js/urlify.js HTTP/1.1\" 304 0", "eventType": "other", "context": {}, "stack": null}
{"timestamp": "2025-12-02T14:18:32.308440Z", "level": "info", "component": "django.server", "file": "/Users/deeptimaheedharan/Library/Python/3.9/lib/python/site-packages/django/core/servers/basehttp.py", "line": 212, "function": "log_message", "message": "\"GET /static/admin/js/filters.js HTTP/1.1\" 304 0", "eventType": "other", "context": {}, "stack": null}
{"timestamp": "2025-12-02T14:18:32.309873Z", "level": "info", "component": "django.server", "file": "/Users/deeptimaheedharan/Library/Python/3.9/lib/python/site-packages/django/core/servers/basehttp.py", "line": 212, "function": "log_message", "message": "\"GET /static/admin/img/search.svg HTTP/1.1\" 304 0", "eventType": "other", "context": {}, "stack": null}
{"timestamp": "2025-12-02T14:18:32.314878Z", "level": "info", "component": "django.server", "file": "/Users/deeptimaheedharan/Library/Python/3.9/lib/python/site-packages/django/core/servers/basehttp.py", "line": 212, "function": "log_message", "message": "\"GET /static/admin/img/sorting-icons.svg HTTP/1.1\" 304 0", "eventType": "other", "context": {}, "stack": null}
{"timestamp": "2025-12-02T14:18:32.315409Z", "level": "info", "component": "django.server", "file": "/Users/deeptimaheedharan/Library/Python/3.9/lib/python/site-packages/django/core/servers/basehttp.py", "line": 212, "function": "log_message", "message": "\"GET /static/admin/img/tooltag-add.svg HTTP/1.1\" 304 0", "eventType": "other", "context": {}, "stack": null}
{"timestamp": "2025-12-02T14:18:32.315816Z", "level": "info", "component": "django.server", "file": "/Users/deeptimaheedharan/Library/Python/3.9/lib/python/site-packages/django/core/servers/basehttp.py", "line": 212, "function": "log_message", "message": "\"GET /static/admin/js/vendor/jquery/jquery.js HTTP/1.1\" 304 0", "eventType": "other", "context": {}, "stack": null}
{"timestamp": "2025-12-02T14:18:32.316054Z", "level": "info", "component": "django.server", "file": "/Users/deeptimaheedharan/Library/Python/3.9/lib/python/site-packages/django/core/servers/basehttp.py", "line": 212, "function": "log_message", "message": "\"GET /admin/jsi18n/ HTTP/1.1\" 200 3325", "eventType": "other", "context": {}, "stack": null}
{"timestamp": "2025-12-02T14:18:32.316160Z", "level": "info", "component": "django.server", "file": "/Users/deeptimaheedharan/Library/Python/3.9/lib/python/site-packages/django/core/servers/basehttp.py", "line": 212, "function": "log_message", "message": "\"GET /static/admin/js/vendor/xregexp/xregexp.js HTTP/1.1\" 304 0", "eventType": "other", "context": {}, "stack": null}
{"timestamp": "2025-12-02T14:18:34.531457Z", "level": "info", "component": "django.server", "file": "/Users/deeptimaheedharan/Library/Python/3.9/lib/python/site-packages/django/core/servers/basehttp.py", "line": 212, "function": "log_message", "message": "\"GET /admin/simulator/wsdata/?p=8 HTTP/1.1\" 200 72993", "eventType": "other", "context": {}, "stack": null}
{"timestamp": "2025-12-02T14:18:34.538151Z", "level": "info", "component": "django.server", "file": "/Users/deeptimaheedharan/Library/Python/3.9/lib/python/site-packages/django/core/servers/basehttp.py", "line": 212, "function": "log_message", "message": "\"GET /admin/jsi18n/ HTTP/1.1\" 200 3325", "eventType": "other", "context": {}, "stack": null}
{"timestamp": "2025-12-02T14:19:03.934637Z", "level": "info", "component": "django.server", "file": "/Users/deeptimaheedharan/Library/Python/3.9/lib/python/site-packages/django/core/servers/basehttp.py", "line": 212, "function": "log_message", "message": "\"POST /api/ws/balance/ HTTP/1.1\" 200 333", "eventType": "other", "context": {}, "stack": null}
{"timestamp": "2025-12-02T14:20:09.499077Z", "level": "info", "component": "django.server", "file": "/Users/deeptimaheedharan/Library/Python/3.9/lib/python/site-packages/django/core/servers/basehttp.py", "line": 212, "function": "log_message", "message": "\"GET /bilanz/ HTTP/1.1\" 200 41174", "eventType": "other", "context": {}, "stack": null}
{"timestamp": "2025-12-02T14:21:13.117083Z", "level": "info", "component": "django.server", "file": "/Users/deeptimaheedharan/Library/Python/3.9/lib/python/site-packages/django/core/servers/basehttp.py", "line": 212, "function": "log_message", "message": "\"GET /landuse/ HTTP/1.1\" 200 114442", "eventType": "other", "context": {}, "stack": null}
{"timestamp": "2025-12-02T14:24:04.834933Z", "level": "info", "component": "django.server", "file": "/Users/deeptimaheedharan/Library/Python/3.9/lib/python/site-packages/django/core/servers/basehttp.py", "line": 212, "function": "log_message", "message": "\"POST /api/save-all-inputs/ HTTP/1.1\" 200 80", "eventType": "other", "context": {}, "stack": null}
ℹ️ RenewableData 10.6.2 changed; full recalculation is manual now.
ℹ️ RenewableData 10.6 changed; full recalculation is manual now.
ℹ️ RenewableData 10.1 changed; full recalculation is manual now.
ℹ️ RenewableData 4. changed; full recalculation is manual now.
ℹ️ RenewableData 3. changed; full recalculation is manual now.
ℹ️ RenewableData 10.4.3 changed; full recalculation is manual now.
ℹ️ RenewableData 10.4 changed; full recalculation is manual now.
ℹ️ RenewableData 10.1 changed; full recalculation is manual now.
ℹ️ RenewableData 4. changed; full recalculation is manual now.
ℹ️ RenewableData 4. changed; full recalculation is manual now.
ℹ️ RenewableData 10.5.3 changed; full recalculation is manual now.
ℹ️ RenewableData 10.5 changed; full recalculation is manual now.
ℹ️ RenewableData 10.1 changed; full recalculation is manual now.
ℹ️ RenewableData 10.6.2 changed; full recalculation is manual now.
ℹ️ RenewableData 4. changed; full recalculation is manual now.
ℹ️ RenewableData 3. changed; full recalculation is manual now.
ℹ️ RenewableData 4. changed; full recalculation is manual now.
ℹ️ RenewableData 3. changed; full recalculation is manual now.
ℹ️ RenewableData 9.4.3.3 changed; full recalculation is manual now.
ℹ️ RenewableData 3. changed; full recalculation is manual now.
ℹ️ RenewableData 10.6.2 changed; full recalculation is manual now.
ℹ️ RenewableData 10.6 changed; full recalculation is manual now.
ℹ️ RenewableData 10.1 changed; full recalculation is manual now.
ℹ️ RenewableData 10.4.3 changed; full recalculation is manual now.
ℹ️ RenewableData 10.5.3 changed; full recalculation is manual now.
ℹ️ RenewableData 4. changed; full recalculation is manual now.
ℹ️ RenewableData 3. changed; full recalculation is manual now.
ℹ️ RenewableData 10.6.2 changed; full recalculation is manual now.
ℹ️ RenewableData 10.6 changed; full recalculation is manual now.
ℹ️ RenewableData 10.1 changed; full recalculation is manual now.
ℹ️ RenewableData 4. changed; full recalculation is manual now.
ℹ️ RenewableData 3. changed; full recalculation is manual now.
ℹ️ RenewableData 9.4.3 changed; full recalculation is manual now.
ℹ️ RenewableData 3. changed; full recalculation is manual now.
ℹ️ RenewableData 9.4 changed; full recalculation is manual now.
ℹ️ RenewableData 9.4.3 changed; full recalculation is manual now.
ℹ️ RenewableData 9.2 changed; full recalculation is manual now.
ℹ️ RenewableData 1.2 changed; full recalculation is manual now.
ℹ️ RenewableData 3. changed; full recalculation is manual now.
ℹ️ RenewableData 9.3 changed; full recalculation is manual now.
ℹ️ RenewableData 9.3.1.2 changed; full recalculation is manual now.
ℹ️ RenewableData 9.3.2.1 changed; full recalculation is manual now.
ℹ️ RenewableData 9.4.1 changed; full recalculation is manual now.
ℹ️ RenewableData 9.4.3 changed; full recalculation is manual now.
ℹ️ RenewableData 9.4.3.2 changed; full recalculation is manual now.
ℹ️ RenewableData 9.4.3.3 changed; full recalculation is manual now.
ℹ️ RenewableData 1.2.1.2 changed; full recalculation is manual now.
ℹ️ RenewableData 1.2.1.2.2 changed; full recalculation is manual now.
ℹ️ RenewableData 4. changed; full recalculation is manual now.
ℹ️ RenewableData 10.2 changed; full recalculation is manual now.
ℹ️ RenewableData 10.2.2 changed; full recalculation is manual now.
ℹ️ RenewableData 10.3.1 changed; full recalculation is manual now.
ℹ️ RenewableData 10.3 changed; full recalculation is manual now.
ℹ️ RenewableData 10.1 changed; full recalculation is manual now.
ℹ️ RenewableData 3. changed; full recalculation is manual now.
ℹ️ RenewableData 10.6.2 changed; full recalculation is manual now.
ℹ️ RenewableData 10.6 changed; full recalculation is manual now.
ℹ️ RenewableData 10.1 changed; full recalculation is manual now.
ℹ️ RenewableData 3. changed; full recalculation is manual now.
ℹ️ RenewableData 10.4.3 changed; full recalculation is manual now.
ℹ️ RenewableData 10.4 changed; full recalculation is manual now.
ℹ️ RenewableData 10.1 changed; full recalculation is manual now.
ℹ️ RenewableData 4. changed; full recalculation is manual now.
ℹ️ RenewableData 9.4 changed; full recalculation is manual now.
ℹ️ RenewableData 4. changed; full recalculation is manual now.
ℹ️ RenewableData 10.5.3 changed; full recalculation is manual now.
ℹ️ RenewableData 10.5 changed; full recalculation is manual now.
ℹ️ RenewableData 10.1 changed; full recalculation is manual now.
ℹ️ RenewableData 10.6.2 changed; full recalculation is manual now.
ℹ️ RenewableData 3. changed; full recalculation is manual now.
ℹ️ RenewableData 9.4 changed; full recalculation is manual now.
ℹ️ RenewableData 3. changed; full recalculation is manual now.
ℹ️ RenewableData 9.1.2 changed; full recalculation is manual now.
ℹ️ RenewableData 9.1 changed; full recalculation is manual now.
ℹ️ RenewableData 9.2 changed; full recalculation is manual now.
ℹ️ RenewableData 9.4.1 changed; full recalculation is manual now.
ℹ️ RenewableData 4. changed; full recalculation is manual now.
ℹ️ RenewableData 9.4 changed; full recalculation is manual now.
ℹ️ RenewableData 9.4.3 changed; full recalculation is manual now.
ℹ️ RenewableData 4. changed; full recalculation is manual now.
ℹ️ RenewableData 9.4.3.2 changed; full recalculation is manual now.
ℹ️ RenewableData 4. changed; full recalculation is manual now.
ℹ️ RenewableData 3. changed; full recalculation is manual now.
ℹ️ RenewableData 9.4.3.3 changed; full recalculation is manual now.
ℹ️ RenewableData 10.2 changed; full recalculation is manual now.
ℹ️ RenewableData 10.2.2 changed; full recalculation is manual now.
ℹ️ RenewableData 10.3.1 changed; full recalculation is manual now.
ℹ️ RenewableData 10.3 changed; full recalculation is manual now.
ℹ️ RenewableData 10.1 changed; full recalculation is manual now.
ℹ️ RenewableData 3. changed; full recalculation is manual now.
ℹ️ RenewableData 10.6.2 changed; full recalculation is manual now.
ℹ️ RenewableData 10.6 changed; full recalculation is manual now.
ℹ️ RenewableData 10.1 changed; full recalculation is manual now.
ℹ️ RenewableData 4. changed; full recalculation is manual now.
ℹ️ RenewableData 3. changed; full recalculation is manual now.
ℹ️ RenewableData 10.4.3 changed; full recalculation is manual now.
ℹ️ RenewableData 10.4 changed; full recalculation is manual now.
ℹ️ RenewableData 10.1 changed; full recalculation is manual now.
ℹ️ RenewableData 4. changed; full recalculation is manual now.
ℹ️ RenewableData 4. changed; full recalculation is manual now.
ℹ️ RenewableData 10.5.3 changed; full recalculation is manual now.
ℹ️ RenewableData 10.5 changed; full recalculation is manual now.
ℹ️ RenewableData 10.1 changed; full recalculation is manual now.
ℹ️ RenewableData 10.6.2 changed; full recalculation is manual now.
ℹ️ RenewableData 4. changed; full recalculation is manual now.
ℹ️ RenewableData 3. changed; full recalculation is manual now.
ℹ️ RenewableData 4. changed; full recalculation is manual now.
ℹ️ RenewableData 3. changed; full recalculation is manual now.
ℹ️ RenewableData 9.4.3.3 changed; full recalculation is manual now.
ℹ️ RenewableData 3. changed; full recalculation is manual now.
ℹ️ RenewableData 9.4.3.3 changed; full recalculation is manual now.
ℹ️ RenewableData 3. changed; full recalculation is manual now.
ℹ️ RenewableData 9.4.3.3 changed; full recalculation is manual now.
ℹ️ RenewableData 10.2 changed; full recalculation is manual now.
ℹ️ RenewableData 10.2.2 changed; full recalculation is manual now.
ℹ️ RenewableData 10.3.1 changed; full recalculation is manual now.
ℹ️ RenewableData 10.3 changed; full recalculation is manual now.
ℹ️ RenewableData 10.1 changed; full recalculation is manual now.
{"timestamp": "2025-12-02T14:24:06.390581Z", "level": "info", "component": "django.server", "file": "/Users/deeptimaheedharan/Library/Python/3.9/lib/python/site-packages/django/core/servers/basehttp.py", "line": 212, "function": "log_message", "message": "\"POST /landuse/145/update_percent/ HTTP/1.1\" 200 119", "eventType": "other", "context": {}, "stack": null}
{"timestamp": "2025-12-02T14:24:12.205602Z", "level": "info", "component": "django.server", "file": "/Users/deeptimaheedharan/Library/Python/3.9/lib/python/site-packages/django/core/servers/basehttp.py", "line": 212, "function": "log_message", "message": "\"POST /api/run-full-recalc/ HTTP/1.1\" 200 246", "eventType": "other", "context": {}, "stack": null}
{"timestamp": "2025-12-02T14:24:14.188838Z", "level": "info", "component": "django.server", "file": "/Users/deeptimaheedharan/Library/Python/3.9/lib/python/site-packages/django/core/servers/basehttp.py", "line": 212, "function": "log_message", "message": "\"GET /renewable/?run_id=147 HTTP/1.1\" 200 527453", "eventType": "other", "context": {}, "stack": null}
{"timestamp": "2025-12-02T14:25:07.114012Z", "level": "info", "component": "django.server", "file": "/Users/deeptimaheedharan/Library/Python/3.9/lib/python/site-packages/django/core/servers/basehttp.py", "line": 81, "function": "handle_error", "message": "- Broken pipe from ('127.0.0.1', 63373)", "eventType": "other", "context": {}, "stack": null}
{"timestamp": "2025-12-02T14:25:07.160091Z", "level": "info", "component": "django.server", "file": "/Users/deeptimaheedharan/Library/Python/3.9/lib/python/site-packages/django/core/servers/basehttp.py", "line": 212, "function": "log_message", "message": "\"GET /bilanz/ HTTP/1.1\" 200 41164", "eventType": "other", "context": {}, "stack": null}
ℹ️ RenewableData 3. changed; full recalculation is manual now.
ℹ️ RenewableData 10.6.2 changed; full recalculation is manual now.
ℹ️ RenewableData 10.6 changed; full recalculation is manual now.
ℹ️ RenewableData 10.1 changed; full recalculation is manual now.
ℹ️ RenewableData 4. changed; full recalculation is manual now.
ℹ️ RenewableData 9.4.3.3 changed; full recalculation is manual now.
ℹ️ RenewableData 10.2 changed; full recalculation is manual now.
ℹ️ RenewableData 10.2.2 changed; full recalculation is manual now.
ℹ️ RenewableData 10.3.1 changed; full recalculation is manual now.
ℹ️ RenewableData 10.3 changed; full recalculation is manual now.
ℹ️ RenewableData 10.1 changed; full recalculation is manual now.
ℹ️ RenewableData 3. changed; full recalculation is manual now.
ℹ️ RenewableData 10.6.2 changed; full recalculation is manual now.
ℹ️ RenewableData 10.6 changed; full recalculation is manual now.
ℹ️ RenewableData 10.1 changed; full recalculation is manual now.
ℹ️ RenewableData 4. changed; full recalculation is manual now.
ℹ️ RenewableData 3. changed; full recalculation is manual now.
ℹ️ RenewableData 10.6.2 changed; full recalculation is manual now.
ℹ️ RenewableData 10.4.3 changed; full recalculation is manual now.
ℹ️ RenewableData 10.4 changed; full recalculation is manual now.
ℹ️ RenewableData 10.1 changed; full recalculation is manual now.
ℹ️ RenewableData 4. changed; full recalculation is manual now.
ℹ️ RenewableData 4. changed; full recalculation is manual now.
ℹ️ RenewableData 10.5.3 changed; full recalculation is manual now.
ℹ️ RenewableData 10.5 changed; full recalculation is manual now.
ℹ️ RenewableData 10.1 changed; full recalculation is manual now.
ℹ️ RenewableData 4. changed; full recalculation is manual now.
ℹ️ RenewableData 3. changed; full recalculation is manual now.
ℹ️ RenewableData 4. changed; full recalculation is manual now.
ℹ️ RenewableData 3. changed; full recalculation is manual now.
ℹ️ RenewableData 9.4.3.3 changed; full recalculation is manual now.
ℹ️ RenewableData 3. changed; full recalculation is manual now.
ℹ️ RenewableData 10.4.3 changed; full recalculation is manual now.
ℹ️ RenewableData 10.5.3 changed; full recalculation is manual now.
ℹ️ RenewableData 10.6.2 changed; full recalculation is manual now.
ℹ️ RenewableData 10.6 changed; full recalculation is manual now.
ℹ️ RenewableData 10.1 changed; full recalculation is manual now.
ℹ️ RenewableData 4. changed; full recalculation is manual now.
ℹ️ RenewableData 3. changed; full recalculation is manual now.
ℹ️ RenewableData 10.6.2 changed; full recalculation is manual now.
ℹ️ RenewableData 10.6 changed; full recalculation is manual now.
ℹ️ RenewableData 10.1 changed; full recalculation is manual now.
ℹ️ RenewableData 4. changed; full recalculation is manual now.
ℹ️ RenewableData 3. changed; full recalculation is manual now.
ℹ️ RenewableData 9.4.3.2 changed; full recalculation is manual now.
ℹ️ RenewableData 3. changed; full recalculation is manual now.
ℹ️ RenewableData 9.4.3.3 changed; full recalculation is manual now.
ℹ️ RenewableData 10.2 changed; full recalculation is manual now.
ℹ️ RenewableData 10.2.2 changed; full recalculation is manual now.
ℹ️ RenewableData 10.3.1 changed; full recalculation is manual now.
ℹ️ RenewableData 10.3 changed; full recalculation is manual now.
ℹ️ RenewableData 10.1 changed; full recalculation is manual now.
ℹ️ RenewableData 3. changed; full recalculation is manual now.
ℹ️ RenewableData 10.6.2 changed; full recalculation is manual now.
ℹ️ RenewableData 10.6 changed; full recalculation is manual now.
ℹ️ RenewableData 10.1 changed; full recalculation is manual now.
ℹ️ RenewableData 4. changed; full recalculation is manual now.
ℹ️ RenewableData 9.4.3.3 changed; full recalculation is manual now.
ℹ️ RenewableData 10.2 changed; full recalculation is manual now.
ℹ️ RenewableData 10.2.2 changed; full recalculation is manual now.
ℹ️ RenewableData 10.3.1 changed; full recalculation is manual now.
ℹ️ RenewableData 10.3 changed; full recalculation is manual now.
ℹ️ RenewableData 10.1 changed; full recalculation is manual now.
ℹ️ RenewableData 3. changed; full recalculation is manual now.
ℹ️ RenewableData 10.6.2 changed; full recalculation is manual now.
ℹ️ RenewableData 10.6 changed; full recalculation is manual now.
ℹ️ RenewableData 10.1 changed; full recalculation is manual now.
ℹ️ RenewableData 4. changed; full recalculation is manual now.
ℹ️ RenewableData 3. changed; full recalculation is manual now.
ℹ️ RenewableData 10.4.3 changed; full recalculation is manual now.
ℹ️ RenewableData 10.4 changed; full recalculation is manual now.
ℹ️ RenewableData 10.1 changed; full recalculation is manual now.
ℹ️ RenewableData 4. changed; full recalculation is manual now.
ℹ️ RenewableData 4. changed; full recalculation is manual now.
ℹ️ RenewableData 10.5.3 changed; full recalculation is manual now.
ℹ️ RenewableData 10.5 changed; full recalculation is manual now.
ℹ️ RenewableData 10.1 changed; full recalculation is manual now.
ℹ️ RenewableData 10.6.2 changed; full recalculation is manual now.
ℹ️ RenewableData 4. changed; full recalculation is manual now.
ℹ️ RenewableData 3. changed; full recalculation is manual now.
ℹ️ RenewableData 4. changed; full recalculation is manual now.
ℹ️ RenewableData 3. changed; full recalculation is manual now.
ℹ️ RenewableData 9.4.3.3 changed; full recalculation is manual now.
ℹ️ RenewableData 3. changed; full recalculation is manual now.
ℹ️ RenewableData 10.6.2 changed; full recalculation is manual now.
ℹ️ RenewableData 10.6 changed; full recalculation is manual now.
ℹ️ RenewableData 10.1 changed; full recalculation is manual now.
ℹ️ RenewableData 10.4.3 changed; full recalculation is manual now.
ℹ️ RenewableData 10.5.3 changed; full recalculation is manual now.
ℹ️ RenewableData 4. changed; full recalculation is manual now.
ℹ️ RenewableData 3. changed; full recalculation is manual now.
ℹ️ RenewableData 10.6.2 changed; full recalculation is manual now.
ℹ️ RenewableData 10.6 changed; full recalculation is manual now.
ℹ️ RenewableData 10.1 changed; full recalculation is manual now.
ℹ️ RenewableData 4. changed; full recalculation is manual now.
ℹ️ RenewableData 3. changed; full recalculation is manual now.
ℹ️ RenewableData 9.4.3 changed; full recalculation is manual now.
ℹ️ RenewableData 3. changed; full recalculation is manual now.
ℹ️ RenewableData 9.4 changed; full recalculation is manual now.
ℹ️ RenewableData 9.4.3 changed; full recalculation is manual now.
ℹ️ RenewableData 9.2 changed; full recalculation is manual now.
ℹ️ RenewableData 1.2 changed; full recalculation is manual now.
✅ Manual target_ha change detected for LU_2.1: 2559237.97 ha → 14.40%
ℹ️ RenewableData 1.2.1.2 changed; full recalculation is manual now.
ℹ️ RenewableData 1.2.1.2.2 changed; full recalculation is manual now.
ℹ️ RenewableData 9.1.2 changed; full recalculation is manual now.
ℹ️ RenewableData 9.1 changed; full recalculation is manual now.
ℹ️ RenewableData 9.2 changed; full recalculation is manual now.
ℹ️ RenewableData 9.4.1 changed; full recalculation is manual now.
ℹ️ RenewableData 4. changed; full recalculation is manual now.
ℹ️ RenewableData 9.4 changed; full recalculation is manual now.
ℹ️ RenewableData 9.4.3 changed; full recalculation is manual now.
ℹ️ RenewableData 4. changed; full recalculation is manual now.
ℹ️ RenewableData 9.4.3.2 changed; full recalculation is manual now.
ℹ️ RenewableData 4. changed; full recalculation is manual now.
ℹ️ RenewableData 3. changed; full recalculation is manual now.
ℹ️ RenewableData 9.4.3.3 changed; full recalculation is manual now.
ℹ️ RenewableData 10.2 changed; full recalculation is manual now.
ℹ️ RenewableData 10.2.2 changed; full recalculation is manual now.
ℹ️ RenewableData 10.3.1 changed; full recalculation is manual now.
ℹ️ RenewableData 10.3 changed; full recalculation is manual now.
ℹ️ RenewableData 10.1 changed; full recalculation is manual now.
ℹ️ RenewableData 3. changed; full recalculation is manual now.
ℹ️ RenewableData 10.6.2 changed; full recalculation is manual now.
ℹ️ RenewableData 10.6 changed; full recalculation is manual now.
ℹ️ RenewableData 10.1 changed; full recalculation is manual now.
ℹ️ RenewableData 4. changed; full recalculation is manual now.
ℹ️ RenewableData 3. changed; full recalculation is manual now.
ℹ️ RenewableData 10.4.3 changed; full recalculation is manual now.
ℹ️ RenewableData 10.4 changed; full recalculation is manual now.
ℹ️ RenewableData 10.1 changed; full recalculation is manual now.
ℹ️ RenewableData 4. changed; full recalculation is manual now.
ℹ️ RenewableData 4. changed; full recalculation is manual now.
ℹ️ RenewableData 10.5.3 changed; full recalculation is manual now.
ℹ️ RenewableData 10.5 changed; full recalculation is manual now.
ℹ️ RenewableData 10.1 changed; full recalculation is manual now.
ℹ️ RenewableData 10.6.2 changed; full recalculation is manual now.
ℹ️ RenewableData 4. changed; full recalculation is manual now.
ℹ️ RenewableData 3. changed; full recalculation is manual now.
ℹ️ RenewableData 4. changed; full recalculation is manual now.
ℹ️ RenewableData 3. changed; full recalculation is manual now.
ℹ️ RenewableData 9.4.3.3 changed; full recalculation is manual now.
ℹ️ RenewableData 3. changed; full recalculation is manual now.
ℹ️ RenewableData 9.4.3.3 changed; full recalculation is manual now.
ℹ️ RenewableData 3. changed; full recalculation is manual now.
ℹ️ RenewableData 9.4.3.3 changed; full recalculation is manual now.
ℹ️ RenewableData 10.2 changed; full recalculation is manual now.
ℹ️ RenewableData 10.2.2 changed; full recalculation is manual now.
ℹ️ RenewableData 10.3.1 changed; full recalculation is manual now.
ℹ️ RenewableData 10.3 changed; full recalculation is manual now.
ℹ️ RenewableData 10.1 changed; full recalculation is manual now.
ℹ️ RenewableData 3. changed; full recalculation is manual now.
ℹ️ RenewableData 10.6.2 changed; full recalculation is manual now.
ℹ️ RenewableData 10.6 changed; full recalculation is manual now.
ℹ️ RenewableData 10.1 changed; full recalculation is manual now.
ℹ️ RenewableData 4. changed; full recalculation is manual now.
ℹ️ RenewableData 9.4.3.3 changed; full recalculation is manual now.
ℹ️ RenewableData 10.2 changed; full recalculation is manual now.
ℹ️ RenewableData 10.2.2 changed; full recalculation is manual now.
ℹ️ RenewableData 10.3.1 changed; full recalculation is manual now.
ℹ️ RenewableData 10.3 changed; full recalculation is manual now.
ℹ️ RenewableData 10.1 changed; full recalculation is manual now.
ℹ️ RenewableData 3. changed; full recalculation is manual now.
ℹ️ RenewableData 10.6.2 changed; full recalculation is manual now.
ℹ️ RenewableData 10.6 changed; full recalculation is manual now.
ℹ️ RenewableData 10.1 changed; full recalculation is manual now.
ℹ️ RenewableData 4. changed; full recalculation is manual now.
ℹ️ RenewableData 3. changed; full recalculation is manual now.
ℹ️ RenewableData 10.6.2 changed; full recalculation is manual now.
ℹ️ RenewableData 10.4.3 changed; full recalculation is manual now.
ℹ️ RenewableData 10.4 changed; full recalculation is manual now.
ℹ️ RenewableData 10.1 changed; full recalculation is manual now.
ℹ️ RenewableData 4. changed; full recalculation is manual now.
ℹ️ RenewableData 4. changed; full recalculation is manual now.
ℹ️ RenewableData 10.5.3 changed; full recalculation is manual now.
ℹ️ RenewableData 10.5 changed; full recalculation is manual now.
ℹ️ RenewableData 10.1 changed; full recalculation is manual now.
ℹ️ RenewableData 4. changed; full recalculation is manual now.
ℹ️ RenewableData 3. changed; full recalculation is manual now.
ℹ️ RenewableData 4. changed; full recalculation is manual now.
ℹ️ RenewableData 3. changed; full recalculation is manual now.
ℹ️ RenewableData 9.4.3.3 changed; full recalculation is manual now.
ℹ️ RenewableData 3. changed; full recalculation is manual now.
ℹ️ RenewableData 10.4.3 changed; full recalculation is manual now.
ℹ️ RenewableData 10.5.3 changed; full recalculation is manual now.
ℹ️ RenewableData 10.6.2 changed; full recalculation is manual now.
ℹ️ RenewableData 10.6 changed; full recalculation is manual now.
ℹ️ RenewableData 10.1 changed; full recalculation is manual now.
ℹ️ RenewableData 4. changed; full recalculation is manual now.
ℹ️ RenewableData 3. changed; full recalculation is manual now.
ℹ️ RenewableData 10.6.2 changed; full recalculation is manual now.
ℹ️ RenewableData 10.6 changed; full recalculation is manual now.
ℹ️ RenewableData 10.1 changed; full recalculation is manual now.
ℹ️ RenewableData 4. changed; full recalculation is manual now.
ℹ️ RenewableData 3. changed; full recalculation is manual now.
ℹ️ RenewableData 9.4.3.2 changed; full recalculation is manual now.
ℹ️ RenewableData 3. changed; full recalculation is manual now.
ℹ️ RenewableData 9.4.3.3 changed; full recalculation is manual now.
ℹ️ RenewableData 10.2 changed; full recalculation is manual now.
ℹ️ RenewableData 10.2.2 changed; full recalculation is manual now.
ℹ️ RenewableData 10.3.1 changed; full recalculation is manual now.
ℹ️ RenewableData 10.3 changed; full recalculation is manual now.
ℹ️ RenewableData 10.1 changed; full recalculation is manual now.
ℹ️ RenewableData 3. changed; full recalculation is manual now.
ℹ️ RenewableData 10.6.2 changed; full recalculation is manual now.
ℹ️ RenewableData 10.6 changed; full recalculation is manual now.
ℹ️ RenewableData 10.1 changed; full recalculation is manual now.
ℹ️ RenewableData 4. changed; full recalculation is manual now.
ℹ️ RenewableData 9.4.3.3 changed; full recalculation is manual now.
ℹ️ RenewableData 10.2 changed; full recalculation is manual now.
ℹ️ RenewableData 10.2.2 changed; full recalculation is manual now.
ℹ️ RenewableData 10.3.1 changed; full recalculation is manual now.
ℹ️ RenewableData 10.3 changed; full recalculation is manual now.
ℹ️ RenewableData 10.1 changed; full recalculation is manual now.
ℹ️ RenewableData 3. changed; full recalculation is manual now.
ℹ️ RenewableData 10.6.2 changed; full recalculation is manual now.
ℹ️ RenewableData 10.6 changed; full recalculation is manual now.
ℹ️ RenewableData 10.1 changed; full recalculation is manual now.
ℹ️ RenewableData 4. changed; full recalculation is manual now.
ℹ️ RenewableData 3. changed; full recalculation is manual now.
ℹ️ RenewableData 10.4.3 changed; full recalculation is manual now.
ℹ️ RenewableData 10.4 changed; full recalculation is manual now.
ℹ️ RenewableData 10.1 changed; full recalculation is manual now.
ℹ️ RenewableData 4. changed; full recalculation is manual now.
ℹ️ RenewableData 4. changed; full recalculation is manual now.
ℹ️ RenewableData 10.5.3 changed; full recalculation is manual now.
ℹ️ RenewableData 10.5 changed; full recalculation is manual now.
ℹ️ RenewableData 10.1 changed; full recalculation is manual now.
ℹ️ RenewableData 10.6.2 changed; full recalculation is manual now.
ℹ️ RenewableData 4. changed; full recalculation is manual now.
ℹ️ RenewableData 3. changed; full recalculation is manual now.
ℹ️ RenewableData 4. changed; full recalculation is manual now.
ℹ️ RenewableData 3. changed; full recalculation is manual now.
ℹ️ RenewableData 9.4.3.3 changed; full recalculation is manual now.
ℹ️ RenewableData 3. changed; full recalculation is manual now.
ℹ️ RenewableData 10.6.2 changed; full recalculation is manual now.
ℹ️ RenewableData 10.6 changed; full recalculation is manual now.
ℹ️ RenewableData 10.1 changed; full recalculation is manual now.
ℹ️ RenewableData 10.4.3 changed; full recalculation is manual now.
ℹ️ RenewableData 10.5.3 changed; full recalculation is manual now.
ℹ️ RenewableData 4. changed; full recalculation is manual now.
ℹ️ RenewableData 3. changed; full recalculation is manual now.
ℹ️ RenewableData 10.6.2 changed; full recalculation is manual now.
ℹ️ RenewableData 10.6 changed; full recalculation is manual now.
ℹ️ RenewableData 10.1 changed; full recalculation is manual now.
ℹ️ RenewableData 4. changed; full recalculation is manual now.
ℹ️ RenewableData 3. changed; full recalculation is manual now.
ℹ️ RenewableData 9.4.3 changed; full recalculation is manual now.
ℹ️ RenewableData 3. changed; full recalculation is manual now.
ℹ️ RenewableData 9.4 changed; full recalculation is manual now.
ℹ️ RenewableData 9.4.3 changed; full recalculation is manual now.
ℹ️ RenewableData 9.2 changed; full recalculation is manual now.
ℹ️ RenewableData 1.2 changed; full recalculation is manual now.
✅ Manual target_ha change detected for LU_2.1: 642680.77 ha → 3.62%
ℹ️ RenewableData 1.2.1.2 changed; full recalculation is manual now.
ℹ️ RenewableData 1.2.1.2.2 changed; full recalculation is manual now.
ℹ️ RenewableData 9.1.2 changed; full recalculation is manual now.
ℹ️ RenewableData 9.1 changed; full recalculation is manual now.
ℹ️ RenewableData 9.2 changed; full recalculation is manual now.
ℹ️ RenewableData 9.4.1 changed; full recalculation is manual now.
ℹ️ RenewableData 4. changed; full recalculation is manual now.
ℹ️ RenewableData 9.4 changed; full recalculation is manual now.
ℹ️ RenewableData 9.4.3 changed; full recalculation is manual now.
ℹ️ RenewableData 4. changed; full recalculation is manual now.
ℹ️ RenewableData 9.4.3.2 changed; full recalculation is manual now.
ℹ️ RenewableData 4. changed; full recalculation is manual now.
ℹ️ RenewableData 3. changed; full recalculation is manual now.
ℹ️ RenewableData 9.4.3.3 changed; full recalculation is manual now.
ℹ️ RenewableData 10.2 changed; full recalculation is manual now.
ℹ️ RenewableData 10.2.2 changed; full recalculation is manual now.
ℹ️ RenewableData 10.3.1 changed; full recalculation is manual now.
ℹ️ RenewableData 10.3 changed; full recalculation is manual now.
ℹ️ RenewableData 10.1 changed; full recalculation is manual now.
ℹ️ RenewableData 3. changed; full recalculation is manual now.
ℹ️ RenewableData 10.6.2 changed; full recalculation is manual now.
ℹ️ RenewableData 10.6 changed; full recalculation is manual now.
ℹ️ RenewableData 10.1 changed; full recalculation is manual now.
ℹ️ RenewableData 4. changed; full recalculation is manual now.
ℹ️ RenewableData 3. changed; full recalculation is manual now.
ℹ️ RenewableData 10.4.3 changed; full recalculation is manual now.
ℹ️ RenewableData 10.4 changed; full recalculation is manual now.
ℹ️ RenewableData 10.1 changed; full recalculation is manual now.
ℹ️ RenewableData 4. changed; full recalculation is manual now.
ℹ️ RenewableData 4. changed; full recalculation is manual now.
ℹ️ RenewableData 10.5.3 changed; full recalculation is manual now.
ℹ️ RenewableData 10.5 changed; full recalculation is manual now.
ℹ️ RenewableData 10.1 changed; full recalculation is manual now.
ℹ️ RenewableData 10.6.2 changed; full recalculation is manual now.
ℹ️ RenewableData 4. changed; full recalculation is manual now.
ℹ️ RenewableData 3. changed; full recalculation is manual now.
ℹ️ RenewableData 4. changed; full recalculation is manual now.
ℹ️ RenewableData 3. changed; full recalculation is manual now.
ℹ️ RenewableData 9.4.3.3 changed; full recalculation is manual now.
ℹ️ RenewableData 3. changed; full recalculation is manual now.
ℹ️ RenewableData 9.4.3.3 changed; full recalculation is manual now.
ℹ️ RenewableData 3. changed; full recalculation is manual now.
ℹ️ RenewableData 9.4.3.3 changed; full recalculation is manual now.
ℹ️ RenewableData 10.2 changed; full recalculation is manual now.
ℹ️ RenewableData 10.2.2 changed; full recalculation is manual now.
ℹ️ RenewableData 10.3.1 changed; full recalculation is manual now.
ℹ️ RenewableData 10.3 changed; full recalculation is manual now.
ℹ️ RenewableData 10.1 changed; full recalculation is manual now.
ℹ️ RenewableData 3. changed; full recalculation is manual now.
ℹ️ RenewableData 10.6.2 changed; full recalculation is manual now.
ℹ️ RenewableData 10.6 changed; full recalculation is manual now.
ℹ️ RenewableData 10.1 changed; full recalculation is manual now.
ℹ️ RenewableData 4. changed; full recalculation is manual now.
ℹ️ RenewableData 9.4.3.3 changed; full recalculation is manual now.
ℹ️ RenewableData 10.2 changed; full recalculation is manual now.
ℹ️ RenewableData 10.2.2 changed; full recalculation is manual now.
ℹ️ RenewableData 10.3.1 changed; full recalculation is manual now.
ℹ️ RenewableData 10.3 changed; full recalculation is manual now.
ℹ️ RenewableData 10.1 changed; full recalculation is manual now.
ℹ️ RenewableData 3. changed; full recalculation is manual now.
ℹ️ RenewableData 10.6.2 changed; full recalculation is manual now.
ℹ️ RenewableData 10.6 changed; full recalculation is manual now.
ℹ️ RenewableData 10.1 changed; full recalculation is manual now.
ℹ️ RenewableData 4. changed; full recalculation is manual now.
ℹ️ RenewableData 3. changed; full recalculation is manual now.
ℹ️ RenewableData 10.6.2 changed; full recalculation is manual now.
ℹ️ RenewableData 10.4.3 changed; full recalculation is manual now.
ℹ️ RenewableData 10.4 changed; full recalculation is manual now.
ℹ️ RenewableData 10.1 changed; full recalculation is manual now.
ℹ️ RenewableData 4. changed; full recalculation is manual now.
ℹ️ RenewableData 4. changed; full recalculation is manual now.
ℹ️ RenewableData 10.5.3 changed; full recalculation is manual now.
ℹ️ RenewableData 10.5 changed; full recalculation is manual now.
ℹ️ RenewableData 10.1 changed; full recalculation is manual now.
ℹ️ RenewableData 4. changed; full recalculation is manual now.
ℹ️ RenewableData 3. changed; full recalculation is manual now.
ℹ️ RenewableData 4. changed; full recalculation is manual now.
ℹ️ RenewableData 3. changed; full recalculation is manual now.
ℹ️ RenewableData 9.4.3.3 changed; full recalculation is manual now.
ℹ️ RenewableData 3. changed; full recalculation is manual now.
ℹ️ RenewableData 10.4.3 changed; full recalculation is manual now.
ℹ️ RenewableData 10.5.3 changed; full recalculation is manual now.
ℹ️ RenewableData 10.6.2 changed; full recalculation is manual now.
ℹ️ RenewableData 10.6 changed; full recalculation is manual now.
ℹ️ RenewableData 10.1 changed; full recalculation is manual now.
ℹ️ RenewableData 4. changed; full recalculation is manual now.
ℹ️ RenewableData 3. changed; full recalculation is manual now.
ℹ️ RenewableData 10.6.2 changed; full recalculation is manual now.
ℹ️ RenewableData 10.6 changed; full recalculation is manual now.
ℹ️ RenewableData 10.1 changed; full recalculation is manual now.
ℹ️ RenewableData 4. changed; full recalculation is manual now.
ℹ️ RenewableData 3. changed; full recalculation is manual now.
ℹ️ RenewableData 9.4.3.2 changed; full recalculation is manual now.
ℹ️ RenewableData 3. changed; full recalculation is manual now.
ℹ️ RenewableData 9.4.3.3 changed; full recalculation is manual now.
ℹ️ RenewableData 10.2 changed; full recalculation is manual now.
ℹ️ RenewableData 10.2.2 changed; full recalculation is manual now.
ℹ️ RenewableData 10.3.1 changed; full recalculation is manual now.
ℹ️ RenewableData 10.3 changed; full recalculation is manual now.
ℹ️ RenewableData 10.1 changed; full recalculation is manual now.
{"timestamp": "2025-12-02T14:25:33.473268Z", "level": "info", "component": "django.server", "file": "/Users/deeptimaheedharan/Library/Python/3.9/lib/python/site-packages/django/core/servers/basehttp.py", "line": 212, "function": "log_message", "message": "\"POST /api/balance-energy/ HTTP/1.1\" 200 268", "eventType": "other", "context": {}, "stack": null}
{"timestamp": "2025-12-02T14:25:35.443003Z", "level": "info", "component": "django.server", "file": "/Users/deeptimaheedharan/Library/Python/3.9/lib/python/site-packages/django/core/servers/basehttp.py", "line": 212, "function": "log_message", "message": "\"GET /bilanz/ HTTP/1.1\" 200 41174", "eventType": "other", "context": {}, "stack": null}
{"timestamp": "2025-12-02T14:26:23.042224Z", "level": "info", "component": "django.server", "file": "/Users/deeptimaheedharan/Library/Python/3.9/lib/python/site-packages/django/core/servers/basehttp.py", "line": 212, "function": "log_message", "message": "\"GET /landuse/ HTTP/1.1\" 200 114443", "eventType": "other", "context": {}, "stack": null}
{"timestamp": "2025-12-02T14:27:10.541121Z", "level": "info", "component": "django.server", "file": "/Users/deeptimaheedharan/Library/Python/3.9/lib/python/site-packages/django/core/servers/basehttp.py", "line": 212, "function": "log_message", "message": "\"GET /simulation/ HTTP/1.1\" 200 15942", "eventType": "other", "context": {}, "stack": null}
{"timestamp": "2025-12-02T14:30:44.464818Z", "level": "info", "component": "django.server", "file": "/Users/deeptimaheedharan/Library/Python/3.9/lib/python/site-packages/django/core/servers/basehttp.py", "line": 212, "function": "log_message", "message": "\"GET /cockpit/ HTTP/1.1\" 200 27431", "eventType": "other", "context": {}, "stack": null}
{"timestamp": "2025-12-02T14:33:11.237963Z", "level": "info", "component": "django.server", "file": "/Users/deeptimaheedharan/Library/Python/3.9/lib/python/site-packages/django/core/servers/basehttp.py", "line": 212, "function": "log_message", "message": "\"GET /bilanz/ HTTP/1.1\" 200 41174", "eventType": "other", "context": {}, "stack": null}
